<?xml version="1.0" encoding="UTF-8"?>
<testsuite name="CategoryTest" tests="7" skipped="0" failures="0" errors="0" timestamp="2016-05-12T20:46:11" hostname="epicodus-93.local" time="0.114">
  <properties/>
  <testcase name="Category_SaveCategoryToDatabase" classname="CategoryTest" time="0.012"/>
  <testcase name="Category_UpdateCategoryInDatabase" classname="CategoryTest" time="0.022"/>
  <testcase name="Category_retrieveRecipesFromCategory" classname="CategoryTest" time="0.027"/>
  <testcase name="Category_InstanceofCategory" classname="CategoryTest" time="0.005"/>
  <testcase name="Category_getCategoryName" classname="CategoryTest" time="0.004"/>
  <testcase name="Category_FindCategoryInDatabase" classname="CategoryTest" time="0.013"/>
  <testcase name="Category_deletesCategoryCorrectly" classname="CategoryTest" time="0.028"/>
  <system-out><![CDATA[]]></system-out>
  <system-err><![CDATA[]]></system-err>
</testsuite>
