<?xml version="1.0" encoding="UTF-8"?>
<testsuite name="IngredientTest" tests="6" skipped="0" failures="0" errors="0" timestamp="2016-05-12T16:58:54" hostname="epicodus-93.local" time="0.087">
  <properties/>
  <testcase name="Ingredient_InstanceOfIngredient" classname="IngredientTest" time="0.005"/>
  <testcase name="Ingredient_retrieveRecipesFromIngredient" classname="IngredientTest" time="0.024"/>
  <testcase name="Ingredient_SaveIngredient" classname="IngredientTest" time="0.013"/>
  <testcase name="Ingredient_DeleteIngredient" classname="IngredientTest" time="0.027"/>
  <testcase name="Ingredient_FindIngredient" classname="IngredientTest" time="0.012"/>
  <testcase name="Ingredient_GetIngredientName" classname="IngredientTest" time="0.005"/>
  <system-out><![CDATA[]]></system-out>
  <system-err><![CDATA[]]></system-err>
</testsuite>
