<?xml version="1.0" encoding="UTF-8"?>
<testsuite name="RecipeTest" tests="6" skipped="0" failures="0" errors="0" timestamp="2016-05-11T16:50:16" hostname="epicodus-93.local" time="0.171">
  <properties/>
  <testcase name="Recipe_SaveRecipe" classname="RecipeTest" time="0.111"/>
  <testcase name="update_updatesTheRecipeNameCorrectly" classname="RecipeTest" time="0.022"/>
  <testcase name="Recipe_getInstructions" classname="RecipeTest" time="0.006"/>
  <testcase name="Recipe_InstanceofRecipe" classname="RecipeTest" time="0.006"/>
  <testcase name="Recipe_getRecipeName" classname="RecipeTest" time="0.006"/>
  <testcase name="find_retrieveRecipeCorrectly" classname="RecipeTest" time="0.018"/>
  <system-out><![CDATA[]]></system-out>
  <system-err><![CDATA[]]></system-err>
</testsuite>
