<?xml version="1.0" encoding="UTF-8"?>
<testsuite name="IngredientTest" tests="6" skipped="0" failures="0" errors="0" timestamp="2016-05-11T23:16:04" hostname="epicodus-93.local" time="0.113">
  <properties/>
  <testcase name="Ingredient_InstanceOfIngredient" classname="IngredientTest" time="0.005"/>
  <testcase name="Ingredient_retrieveRecipesFromIngredient" classname="IngredientTest" time="0.024"/>
  <testcase name="Ingredient_SaveIngredient" classname="IngredientTest" time="0.015"/>
  <testcase name="Ingredient_DeleteIngredient" classname="IngredientTest" time="0.033"/>
  <testcase name="Ingredient_FindIngredient" classname="IngredientTest" time="0.028"/>
  <testcase name="Ingredient_GetIngredientName" classname="IngredientTest" time="0.008"/>
  <system-out><![CDATA[]]></system-out>
  <system-err><![CDATA[]]></system-err>
</testsuite>
