<?xml version="1.0" encoding="UTF-8"?>
<testsuite name="IngredientTest" tests="5" skipped="0" failures="0" errors="0" timestamp="2016-05-11T21:36:05" hostname="epicodus-93.local" time="0.073">
  <properties/>
  <testcase name="Ingredient_InstanceOfIngredient" classname="IngredientTest" time="0.005"/>
  <testcase name="Ingredient_SaveIngredient" classname="IngredientTest" time="0.014"/>
  <testcase name="Ingredient_DeleteIngredient" classname="IngredientTest" time="0.033"/>
  <testcase name="Ingredient_FindIngredient" classname="IngredientTest" time="0.015"/>
  <testcase name="Ingredient_GetIngredientName" classname="IngredientTest" time="0.004"/>
  <system-out><![CDATA[]]></system-out>
  <system-err><![CDATA[]]></system-err>
</testsuite>
